TN:stest
SF:/Users/mkrtychanr/Code/21/CPP/Matrix/test.cc
FN:0,__cxx_global_var_init
FNDA:1,__cxx_global_var_init
FN:0,__cxx_global_var_init.3
FNDA:1,__cxx_global_var_init.3
FN:0,__cxx_global_var_init.5
FNDA:1,__cxx_global_var_init.5
FN:0,__cxx_global_var_init.7
FNDA:1,__cxx_global_var_init.7
FN:0,__cxx_global_var_init.9
FNDA:1,__cxx_global_var_init.9
FN:0,__cxx_global_var_init.12
FNDA:1,__cxx_global_var_init.12
FN:0,__cxx_global_var_init.14
FNDA:1,__cxx_global_var_init.14
FN:0,__cxx_global_var_init.16
FNDA:1,__cxx_global_var_init.16
FN:0,__cxx_global_var_init.18
FNDA:1,__cxx_global_var_init.18
FN:0,__cxx_global_var_init.20
FNDA:1,__cxx_global_var_init.20
FN:0,__cxx_global_var_init.23
FNDA:1,__cxx_global_var_init.23
FN:0,__cxx_global_var_init.25
FNDA:1,__cxx_global_var_init.25
FN:0,__cxx_global_var_init.27
FNDA:1,__cxx_global_var_init.27
FN:4,main
FNDA:1,main
FN:10,_ZN12_GLOBAL__N_124Constructor_Default_TestC1Ev
FNDA:1,_ZN12_GLOBAL__N_124Constructor_Default_TestC1Ev
FN:10,_ZN12_GLOBAL__N_124Constructor_Default_TestC2Ev
FNDA:1,_ZN12_GLOBAL__N_124Constructor_Default_TestC2Ev
FN:10,_ZN12_GLOBAL__N_124Constructor_Default_TestD1Ev
FNDA:1,_ZN12_GLOBAL__N_124Constructor_Default_TestD1Ev
FN:10,_ZN12_GLOBAL__N_124Constructor_Default_TestD0Ev
FNDA:1,_ZN12_GLOBAL__N_124Constructor_Default_TestD0Ev
FN:10,_ZN12_GLOBAL__N_124Constructor_Default_Test8TestBodyEv
FNDA:1,_ZN12_GLOBAL__N_124Constructor_Default_Test8TestBodyEv
FN:10,_ZN12_GLOBAL__N_124Constructor_Default_TestD2Ev
FNDA:1,_ZN12_GLOBAL__N_124Constructor_Default_TestD2Ev
FN:16,_ZN12_GLOBAL__N_124Constructor_By2Args_TestC1Ev
FNDA:1,_ZN12_GLOBAL__N_124Constructor_By2Args_TestC1Ev
FN:16,_ZN12_GLOBAL__N_124Constructor_By2Args_TestC2Ev
FNDA:1,_ZN12_GLOBAL__N_124Constructor_By2Args_TestC2Ev
FN:16,_ZN12_GLOBAL__N_124Constructor_By2Args_TestD1Ev
FNDA:1,_ZN12_GLOBAL__N_124Constructor_By2Args_TestD1Ev
FN:16,_ZN12_GLOBAL__N_124Constructor_By2Args_TestD0Ev
FNDA:1,_ZN12_GLOBAL__N_124Constructor_By2Args_TestD0Ev
FN:16,_ZN12_GLOBAL__N_124Constructor_By2Args_Test8TestBodyEv
FNDA:1,_ZN12_GLOBAL__N_124Constructor_By2Args_Test8TestBodyEv
FN:16,_ZN12_GLOBAL__N_124Constructor_By2Args_TestD2Ev
FNDA:1,_ZN12_GLOBAL__N_124Constructor_By2Args_TestD2Ev
FN:22,_ZN12_GLOBAL__N_121Constructor_Copy_TestC1Ev
FNDA:1,_ZN12_GLOBAL__N_121Constructor_Copy_TestC1Ev
FN:22,_ZN12_GLOBAL__N_121Constructor_Copy_TestC2Ev
FNDA:1,_ZN12_GLOBAL__N_121Constructor_Copy_TestC2Ev
FN:22,_ZN12_GLOBAL__N_121Constructor_Copy_TestD1Ev
FNDA:1,_ZN12_GLOBAL__N_121Constructor_Copy_TestD1Ev
FN:22,_ZN12_GLOBAL__N_121Constructor_Copy_TestD0Ev
FNDA:1,_ZN12_GLOBAL__N_121Constructor_Copy_TestD0Ev
FN:22,_ZN12_GLOBAL__N_121Constructor_Copy_Test8TestBodyEv
FNDA:1,_ZN12_GLOBAL__N_121Constructor_Copy_Test8TestBodyEv
FN:22,_ZN12_GLOBAL__N_121Constructor_Copy_TestD2Ev
FNDA:1,_ZN12_GLOBAL__N_121Constructor_Copy_TestD2Ev
FN:29,_ZN12_GLOBAL__N_121Constructor_Move_TestC1Ev
FNDA:1,_ZN12_GLOBAL__N_121Constructor_Move_TestC1Ev
FN:29,_ZN12_GLOBAL__N_121Constructor_Move_TestC2Ev
FNDA:1,_ZN12_GLOBAL__N_121Constructor_Move_TestC2Ev
FN:29,_ZN12_GLOBAL__N_121Constructor_Move_TestD1Ev
FNDA:1,_ZN12_GLOBAL__N_121Constructor_Move_TestD1Ev
FN:29,_ZN12_GLOBAL__N_121Constructor_Move_TestD0Ev
FNDA:1,_ZN12_GLOBAL__N_121Constructor_Move_TestD0Ev
FN:29,_ZN12_GLOBAL__N_121Constructor_Move_Test8TestBodyEv
FNDA:1,_ZN12_GLOBAL__N_121Constructor_Move_Test8TestBodyEv
FN:29,_ZN12_GLOBAL__N_121Constructor_Move_TestD2Ev
FNDA:1,_ZN12_GLOBAL__N_121Constructor_Move_TestD2Ev
FN:37,_ZN12_GLOBAL__N_134SimpleMathOperations_EqMatrix_TestC1Ev
FNDA:1,_ZN12_GLOBAL__N_134SimpleMathOperations_EqMatrix_TestC1Ev
FN:37,_ZN12_GLOBAL__N_134SimpleMathOperations_EqMatrix_TestC2Ev
FNDA:1,_ZN12_GLOBAL__N_134SimpleMathOperations_EqMatrix_TestC2Ev
FN:37,_ZN12_GLOBAL__N_134SimpleMathOperations_EqMatrix_TestD1Ev
FNDA:1,_ZN12_GLOBAL__N_134SimpleMathOperations_EqMatrix_TestD1Ev
FN:37,_ZN12_GLOBAL__N_134SimpleMathOperations_EqMatrix_TestD0Ev
FNDA:1,_ZN12_GLOBAL__N_134SimpleMathOperations_EqMatrix_TestD0Ev
FN:37,_ZN12_GLOBAL__N_134SimpleMathOperations_EqMatrix_Test8TestBodyEv
FNDA:1,_ZN12_GLOBAL__N_134SimpleMathOperations_EqMatrix_Test8TestBodyEv
FN:37,_ZN12_GLOBAL__N_134SimpleMathOperations_EqMatrix_TestD2Ev
FNDA:1,_ZN12_GLOBAL__N_134SimpleMathOperations_EqMatrix_TestD2Ev
FN:51,_ZN12_GLOBAL__N_135SimpleMathOperations_SumMatrix_TestC1Ev
FNDA:1,_ZN12_GLOBAL__N_135SimpleMathOperations_SumMatrix_TestC1Ev
FN:51,_ZN12_GLOBAL__N_135SimpleMathOperations_SumMatrix_TestC2Ev
FNDA:1,_ZN12_GLOBAL__N_135SimpleMathOperations_SumMatrix_TestC2Ev
FN:51,_ZN12_GLOBAL__N_135SimpleMathOperations_SumMatrix_TestD1Ev
FNDA:1,_ZN12_GLOBAL__N_135SimpleMathOperations_SumMatrix_TestD1Ev
FN:51,_ZN12_GLOBAL__N_135SimpleMathOperations_SumMatrix_TestD0Ev
FNDA:1,_ZN12_GLOBAL__N_135SimpleMathOperations_SumMatrix_TestD0Ev
FN:51,_ZN12_GLOBAL__N_135SimpleMathOperations_SumMatrix_Test8TestBodyEv
FNDA:1,_ZN12_GLOBAL__N_135SimpleMathOperations_SumMatrix_Test8TestBodyEv
FN:51,_ZN12_GLOBAL__N_135SimpleMathOperations_SumMatrix_TestD2Ev
FNDA:1,_ZN12_GLOBAL__N_135SimpleMathOperations_SumMatrix_TestD2Ev
FN:59,_ZN12_GLOBAL__N_135SimpleMathOperations_SubMatrix_TestC1Ev
FNDA:1,_ZN12_GLOBAL__N_135SimpleMathOperations_SubMatrix_TestC1Ev
FN:59,_ZN12_GLOBAL__N_135SimpleMathOperations_SubMatrix_TestC2Ev
FNDA:1,_ZN12_GLOBAL__N_135SimpleMathOperations_SubMatrix_TestC2Ev
FN:59,_ZN12_GLOBAL__N_135SimpleMathOperations_SubMatrix_TestD1Ev
FNDA:1,_ZN12_GLOBAL__N_135SimpleMathOperations_SubMatrix_TestD1Ev
FN:59,_ZN12_GLOBAL__N_135SimpleMathOperations_SubMatrix_TestD0Ev
FNDA:1,_ZN12_GLOBAL__N_135SimpleMathOperations_SubMatrix_TestD0Ev
FN:59,_ZN12_GLOBAL__N_135SimpleMathOperations_SubMatrix_Test8TestBodyEv
FNDA:1,_ZN12_GLOBAL__N_135SimpleMathOperations_SubMatrix_Test8TestBodyEv
FN:59,_ZN12_GLOBAL__N_135SimpleMathOperations_SubMatrix_TestD2Ev
FNDA:1,_ZN12_GLOBAL__N_135SimpleMathOperations_SubMatrix_TestD2Ev
FN:67,_ZN12_GLOBAL__N_135SimpleMathOperations_MulNumber_TestC1Ev
FNDA:1,_ZN12_GLOBAL__N_135SimpleMathOperations_MulNumber_TestC1Ev
FN:67,_ZN12_GLOBAL__N_135SimpleMathOperations_MulNumber_TestC2Ev
FNDA:1,_ZN12_GLOBAL__N_135SimpleMathOperations_MulNumber_TestC2Ev
FN:67,_ZN12_GLOBAL__N_135SimpleMathOperations_MulNumber_TestD1Ev
FNDA:1,_ZN12_GLOBAL__N_135SimpleMathOperations_MulNumber_TestD1Ev
FN:67,_ZN12_GLOBAL__N_135SimpleMathOperations_MulNumber_TestD0Ev
FNDA:1,_ZN12_GLOBAL__N_135SimpleMathOperations_MulNumber_TestD0Ev
FN:67,_ZN12_GLOBAL__N_135SimpleMathOperations_MulNumber_Test8TestBodyEv
FNDA:1,_ZN12_GLOBAL__N_135SimpleMathOperations_MulNumber_Test8TestBodyEv
FN:67,_ZN12_GLOBAL__N_135SimpleMathOperations_MulNumber_TestD2Ev
FNDA:1,_ZN12_GLOBAL__N_135SimpleMathOperations_MulNumber_TestD2Ev
FN:74,_ZN12_GLOBAL__N_135SimpleMathOperations_MulMatrix_TestC1Ev
FNDA:1,_ZN12_GLOBAL__N_135SimpleMathOperations_MulMatrix_TestC1Ev
FN:74,_ZN12_GLOBAL__N_135SimpleMathOperations_MulMatrix_TestC2Ev
FNDA:1,_ZN12_GLOBAL__N_135SimpleMathOperations_MulMatrix_TestC2Ev
FN:74,_ZN12_GLOBAL__N_135SimpleMathOperations_MulMatrix_TestD1Ev
FNDA:1,_ZN12_GLOBAL__N_135SimpleMathOperations_MulMatrix_TestD1Ev
FN:74,_ZN12_GLOBAL__N_135SimpleMathOperations_MulMatrix_TestD0Ev
FNDA:1,_ZN12_GLOBAL__N_135SimpleMathOperations_MulMatrix_TestD0Ev
FN:74,_ZN12_GLOBAL__N_135SimpleMathOperations_MulMatrix_Test8TestBodyEv
FNDA:1,_ZN12_GLOBAL__N_135SimpleMathOperations_MulMatrix_Test8TestBodyEv
FN:74,_ZN12_GLOBAL__N_135SimpleMathOperations_MulMatrix_TestD2Ev
FNDA:1,_ZN12_GLOBAL__N_135SimpleMathOperations_MulMatrix_TestD2Ev
FN:95,_ZN12_GLOBAL__N_131LinearOperations_Transpose_TestC1Ev
FNDA:1,_ZN12_GLOBAL__N_131LinearOperations_Transpose_TestC1Ev
FN:95,_ZN12_GLOBAL__N_131LinearOperations_Transpose_TestC2Ev
FNDA:1,_ZN12_GLOBAL__N_131LinearOperations_Transpose_TestC2Ev
FN:95,_ZN12_GLOBAL__N_131LinearOperations_Transpose_TestD1Ev
FNDA:1,_ZN12_GLOBAL__N_131LinearOperations_Transpose_TestD1Ev
FN:95,_ZN12_GLOBAL__N_131LinearOperations_Transpose_TestD0Ev
FNDA:1,_ZN12_GLOBAL__N_131LinearOperations_Transpose_TestD0Ev
FN:95,_ZN12_GLOBAL__N_131LinearOperations_Transpose_Test8TestBodyEv
FNDA:1,_ZN12_GLOBAL__N_131LinearOperations_Transpose_Test8TestBodyEv
FN:95,_ZN12_GLOBAL__N_131LinearOperations_Transpose_TestD2Ev
FNDA:1,_ZN12_GLOBAL__N_131LinearOperations_Transpose_TestD2Ev
FN:116,_ZN12_GLOBAL__N_137LinearOperations_CalcComplements_TestC1Ev
FNDA:1,_ZN12_GLOBAL__N_137LinearOperations_CalcComplements_TestC1Ev
FN:116,_ZN12_GLOBAL__N_137LinearOperations_CalcComplements_TestC2Ev
FNDA:1,_ZN12_GLOBAL__N_137LinearOperations_CalcComplements_TestC2Ev
FN:116,_ZN12_GLOBAL__N_137LinearOperations_CalcComplements_TestD1Ev
FNDA:1,_ZN12_GLOBAL__N_137LinearOperations_CalcComplements_TestD1Ev
FN:116,_ZN12_GLOBAL__N_137LinearOperations_CalcComplements_TestD0Ev
FNDA:1,_ZN12_GLOBAL__N_137LinearOperations_CalcComplements_TestD0Ev
FN:116,_ZN12_GLOBAL__N_137LinearOperations_CalcComplements_Test8TestBodyEv
FNDA:1,_ZN12_GLOBAL__N_137LinearOperations_CalcComplements_Test8TestBodyEv
FN:116,_ZN12_GLOBAL__N_137LinearOperations_CalcComplements_TestD2Ev
FNDA:1,_ZN12_GLOBAL__N_137LinearOperations_CalcComplements_TestD2Ev
FN:141,_ZN12_GLOBAL__N_133LinearOperations_Determinant_TestC1Ev
FNDA:1,_ZN12_GLOBAL__N_133LinearOperations_Determinant_TestC1Ev
FN:141,_ZN12_GLOBAL__N_133LinearOperations_Determinant_TestC2Ev
FNDA:1,_ZN12_GLOBAL__N_133LinearOperations_Determinant_TestC2Ev
FN:141,_ZN12_GLOBAL__N_133LinearOperations_Determinant_TestD1Ev
FNDA:1,_ZN12_GLOBAL__N_133LinearOperations_Determinant_TestD1Ev
FN:141,_ZN12_GLOBAL__N_133LinearOperations_Determinant_TestD0Ev
FNDA:1,_ZN12_GLOBAL__N_133LinearOperations_Determinant_TestD0Ev
FN:141,_ZN12_GLOBAL__N_133LinearOperations_Determinant_Test8TestBodyEv
FNDA:1,_ZN12_GLOBAL__N_133LinearOperations_Determinant_Test8TestBodyEv
FN:141,_ZN12_GLOBAL__N_133LinearOperations_Determinant_TestD2Ev
FNDA:1,_ZN12_GLOBAL__N_133LinearOperations_Determinant_TestD2Ev
FN:155,_ZN12_GLOBAL__N_135LinearOperations_InverseMatrix_TestC1Ev
FNDA:1,_ZN12_GLOBAL__N_135LinearOperations_InverseMatrix_TestC1Ev
FN:155,_ZN12_GLOBAL__N_135LinearOperations_InverseMatrix_TestC2Ev
FNDA:1,_ZN12_GLOBAL__N_135LinearOperations_InverseMatrix_TestC2Ev
FN:155,_ZN12_GLOBAL__N_135LinearOperations_InverseMatrix_TestD1Ev
FNDA:1,_ZN12_GLOBAL__N_135LinearOperations_InverseMatrix_TestD1Ev
FN:155,_ZN12_GLOBAL__N_135LinearOperations_InverseMatrix_TestD0Ev
FNDA:1,_ZN12_GLOBAL__N_135LinearOperations_InverseMatrix_TestD0Ev
FN:155,_ZN12_GLOBAL__N_135LinearOperations_InverseMatrix_Test8TestBodyEv
FNDA:1,_ZN12_GLOBAL__N_135LinearOperations_InverseMatrix_Test8TestBodyEv
FN:155,_ZN12_GLOBAL__N_135LinearOperations_InverseMatrix_TestD2Ev
FNDA:1,_ZN12_GLOBAL__N_135LinearOperations_InverseMatrix_TestD2Ev
DA:4,1
DA:5,1
DA:6,1
DA:10,7
DA:11,1
DA:12,1
DA:13,1
DA:14,1
DA:16,7
DA:17,1
DA:18,1
DA:19,1
DA:20,1
DA:22,7
DA:23,1
DA:24,1
DA:25,1
DA:26,1
DA:27,1
DA:29,7
DA:30,1
DA:31,1
DA:32,1
DA:33,1
DA:34,1
DA:35,1
DA:37,7
DA:38,1
DA:39,1
DA:40,1
DA:41,1
DA:42,1
DA:43,1
DA:44,1
DA:45,1
DA:46,1
DA:47,1
DA:48,1
DA:49,1
DA:51,7
DA:52,1
DA:53,1
DA:54,1
DA:55,1
DA:56,1
DA:57,1
DA:59,7
DA:60,1
DA:61,1
DA:62,1
DA:63,1
DA:64,1
DA:65,1
DA:67,7
DA:68,1
DA:69,1
DA:70,1
DA:71,1
DA:72,1
DA:74,7
DA:75,1
DA:76,4
DA:77,12
DA:78,9
DA:79,9
DA:80,3
DA:81,1
DA:82,1
DA:83,1
DA:84,1
DA:85,1
DA:86,1
DA:87,1
DA:88,1
DA:89,1
DA:90,1
DA:91,1
DA:92,1
DA:93,1
DA:95,7
DA:96,1
DA:97,4
DA:98,12
DA:99,9
DA:100,9
DA:101,3
DA:102,1
DA:103,1
DA:104,1
DA:105,1
DA:106,1
DA:107,1
DA:108,1
DA:109,1
DA:110,1
DA:111,1
DA:112,1
DA:113,1
DA:114,1
DA:116,7
DA:117,1
DA:118,1
DA:119,1
DA:120,1
DA:121,1
DA:122,1
DA:123,1
DA:124,1
DA:125,1
DA:126,1
DA:127,1
DA:128,1
DA:129,1
DA:130,1
DA:131,1
DA:132,1
DA:133,1
DA:134,1
DA:135,1
DA:136,1
DA:137,1
DA:138,1
DA:139,1
DA:141,7
DA:142,1
DA:143,1
DA:144,1
DA:145,1
DA:146,1
DA:147,1
DA:148,1
DA:149,1
DA:150,1
DA:151,1
DA:152,1
DA:153,1
DA:155,7
DA:156,1
DA:157,1
DA:158,1
DA:159,1
DA:160,1
DA:161,1
DA:162,1
DA:163,1
DA:164,1
DA:165,1
DA:166,1
DA:167,1
DA:168,1
DA:169,1
DA:170,1
DA:171,1
DA:172,1
DA:173,1
DA:174,1
DA:175,1
DA:176,1
DA:177,1
DA:178,1
FNF:92
FNH:92
LF:160
LH:160
end_of_record
TN:stest
SF:/Users/mkrtychanr/Code/21/CPP/Matrix/s21_matrix_oop.cc
FN:6,_ZN9S21MatrixC2Eii
FNDA:56,_ZN9S21MatrixC2Eii
FN:6,_ZN9S21MatrixC1Eii
FNDA:56,_ZN9S21MatrixC1Eii
FN:21,_ZN9S21MatrixC2Ev
FNDA:0,_ZN9S21MatrixC2Ev
FN:21,_ZN9S21MatrixC1Ev
FNDA:2,_ZN9S21MatrixC1Ev
FN:23,_ZN9S21MatrixC2ERKS_
FNDA:0,_ZN9S21MatrixC2ERKS_
FN:23,_ZN9S21MatrixC1ERKS_
FNDA:6,_ZN9S21MatrixC1ERKS_
FN:27,_ZN9S21MatrixC2EOS_
FNDA:1,_ZN9S21MatrixC2EOS_
FN:27,_ZN9S21MatrixC1EOS_
FNDA:1,_ZN9S21MatrixC1EOS_
FN:42,_ZN9S21Matrix5cleanEv
FNDA:57,_ZN9S21Matrix5cleanEv
FN:54,_ZN9S21MatrixD2Ev
FNDA:57,_ZN9S21MatrixD2Ev
FN:54,_ZN9S21MatrixD1Ev
FNDA:57,_ZN9S21MatrixD1Ev
FN:58,_ZNK9S21Matrix8EqMatrixERKS_
FNDA:15,_ZNK9S21Matrix8EqMatrixERKS_
FN:74,_ZN9S21Matrix9SumMatrixERKS_
FNDA:1,_ZN9S21Matrix9SumMatrixERKS_
FN:86,_ZN9S21Matrix9SubMatrixERKS_
FNDA:1,_ZN9S21Matrix9SubMatrixERKS_
FN:98,_ZN9S21Matrix9MulNumberEd
FNDA:2,_ZN9S21Matrix9MulNumberEd
FN:106,_ZN9S21Matrix9MulMatrixERKS_
FNDA:1,_ZN9S21Matrix9MulMatrixERKS_
FN:123,_ZNK9S21Matrix9TransposeEv
FNDA:2,_ZNK9S21Matrix9TransposeEv
FN:135,_ZNK9S21Matrix11DeterminantEv
FNDA:26,_ZNK9S21Matrix11DeterminantEv
FN:165,_ZNK9S21Matrix9getMatrixEiiPKS_
FNDA:18,_ZNK9S21Matrix9getMatrixEiiPKS_
FN:182,_ZNK9S21Matrix15CalcComplementsEv
FNDA:2,_ZNK9S21Matrix15CalcComplementsEv
FN:203,_ZNK9S21Matrix13InverseMatrixEv
FNDA:1,_ZNK9S21Matrix13InverseMatrixEv
FN:225,_ZN9S21MatrixaSERKS_
FNDA:11,_ZN9S21MatrixaSERKS_
FN:245,_ZN9S21MatrixpLERKS_
FNDA:0,_ZN9S21MatrixpLERKS_
FN:251,_ZN9S21MatrixmIERKS_
FNDA:0,_ZN9S21MatrixmIERKS_
FN:257,_ZN9S21MatrixmLERKS_
FNDA:0,_ZN9S21MatrixmLERKS_
FN:263,_ZN9S21MatrixclEii
FNDA:3,_ZN9S21MatrixclEii
FN:267,_ZNK9S21MatrixclEii
FNDA:0,_ZNK9S21MatrixclEii
FN:271,_ZN9S21MatrixixEi
FNDA:160,_ZN9S21MatrixixEi
FN:279,_ZNK9S21MatrixixEi
FNDA:170,_ZNK9S21MatrixixEi
FN:287,_ZNK9S21Matrix7GetRowsEv
FNDA:39,_ZNK9S21Matrix7GetRowsEv
FN:291,_ZNK9S21Matrix7GetColsEv
FNDA:37,_ZNK9S21Matrix7GetColsEv
FN:295,_ZN9S21Matrix7SetRowsEi
FNDA:11,_ZN9S21Matrix7SetRowsEi
FN:319,_ZN9S21Matrix7SetColsEi
FNDA:11,_ZN9S21Matrix7SetColsEi
FN:343,_ZplRK9S21MatrixS1_
FNDA:0,_ZplRK9S21MatrixS1_
FN:350,_ZmiRK9S21MatrixS1_
FNDA:0,_ZmiRK9S21MatrixS1_
FN:357,_ZmlRK9S21MatrixS1_
FNDA:0,_ZmlRK9S21MatrixS1_
FN:364,_ZmldRK9S21Matrix
FNDA:0,_ZmldRK9S21Matrix
FN:371,_ZeqRK9S21MatrixS1_
FNDA:9,_ZeqRK9S21MatrixS1_
DA:6,112
DA:7,56
DA:8,0
DA:11,56
DA:12,56
DA:14,56
DA:16,190
DA:17,134
DA:18,134
DA:19,112
DA:21,2
DA:23,6
DA:24,6
DA:25,6
DA:27,2
DA:28,1
DA:29,1
DA:30,1
DA:32,1
DA:34,1
DA:35,1
DA:36,1
DA:38,1
DA:39,2
DA:40,57
DA:41,57
DA:42,114
DA:43,57
DA:44,1
DA:47,190
DA:48,134
DA:49,134
DA:51,56
DA:52,57
DA:54,114
DA:55,57
DA:56,114
DA:58,15
DA:59,15
DA:60,3
DA:63,42
DA:64,126
DA:65,96
DA:66,3
DA:68,93
DA:69,30
DA:71,9
DA:72,15
DA:74,1
DA:75,1
DA:76,0
DA:79,2
DA:80,2
DA:81,1
DA:82,1
DA:83,1
DA:84,1
DA:86,1
DA:87,1
DA:88,0
DA:91,2
DA:92,2
DA:93,1
DA:94,1
DA:95,1
DA:96,1
DA:98,2
DA:99,6
DA:100,14
DA:101,10
DA:102,10
DA:103,4
DA:104,2
DA:106,1
DA:107,1
DA:108,0
DA:111,1
DA:112,4
DA:113,12
DA:114,36
DA:115,27
DA:116,27
DA:117,9
DA:118,3
DA:120,1
DA:121,1
DA:123,2
DA:124,2
DA:126,8
DA:127,24
DA:128,18
DA:129,18
DA:130,6
DA:132,2
DA:133,2
DA:135,26
DA:136,26
DA:137,0
DA:140,26
DA:141,24
DA:144,2
DA:146,8
DA:147,6
DA:148,18
DA:149,48
DA:150,36
DA:151,24
DA:152,24
DA:153,24
DA:154,36
DA:155,12
DA:157,6
DA:158,6
DA:159,6
DA:160,6
DA:162,2
DA:163,26
DA:165,18
DA:166,18
DA:167,18
DA:170,72
DA:171,54
DA:172,36
DA:173,144
DA:174,108
DA:175,72
DA:176,72
DA:177,72
DA:178,36
DA:179,36
DA:180,18
DA:182,2
DA:183,2
DA:184,0
DA:187,2
DA:188,2
DA:189,2
DA:191,8
DA:192,24
DA:193,18
DA:194,18
DA:195,18
DA:196,18
DA:197,18
DA:198,6
DA:200,2
DA:201,2
DA:203,1
DA:204,1
DA:205,0
DA:208,1
DA:209,1
DA:210,0
DA:213,1
DA:214,1
DA:215,0
DA:216,0
DA:217,1
DA:218,1
DA:219,1
DA:220,1
DA:222,1
DA:223,1
DA:225,11
DA:226,11
DA:227,0
DA:230,11
DA:231,11
DA:236,40
DA:237,112
DA:238,83
DA:239,83
DA:240,29
DA:242,11
DA:243,11
DA:245,0
DA:246,0
DA:248,0
DA:251,0
DA:252,0
DA:254,0
DA:257,0
DA:258,0
DA:260,0
DA:263,3
DA:264,3
DA:267,0
DA:268,0
DA:271,160
DA:272,160
DA:273,0
DA:276,160
DA:277,0
DA:279,170
DA:280,170
DA:281,0
DA:284,170
DA:285,0
DA:287,39
DA:288,39
DA:291,37
DA:292,37
DA:295,11
DA:296,11
DA:297,11
DA:300,0
DA:302,0
DA:304,0
DA:305,0
DA:306,0
DA:307,0
DA:310,0
DA:311,0
DA:312,0
DA:313,0
DA:314,0
DA:316,0
DA:317,11
DA:319,11
DA:320,11
DA:321,11
DA:324,0
DA:326,0
DA:328,0
DA:329,0
DA:330,0
DA:331,0
DA:334,0
DA:335,0
DA:336,0
DA:337,0
DA:338,0
DA:340,0
DA:341,11
DA:343,0
DA:344,0
DA:345,0
DA:347,0
DA:348,0
DA:350,0
DA:351,0
DA:352,0
DA:354,0
DA:355,0
DA:357,0
DA:358,0
DA:359,0
DA:361,0
DA:362,0
DA:364,0
DA:365,0
DA:366,0
DA:368,0
DA:369,0
DA:371,9
DA:372,9
FNF:38
FNH:28
LF:256
LH:186
end_of_record
